Determining if the pthread_create exist failed with the following output:
Change Dir: /home/naiqi/repos/AL_USDMaya/2018build/CMakeFiles/CMakeTmp

Run Build Command:"/usr/bin/gmake" "cmTC_9842e/fast"
/usr/bin/gmake -f CMakeFiles/cmTC_9842e.dir/build.make CMakeFiles/cmTC_9842e.dir/build
gmake[1]: Entering directory `/home/naiqi/repos/AL_USDMaya/2018build/CMakeFiles/CMakeTmp'
Building C object CMakeFiles/cmTC_9842e.dir/CheckSymbolExists.c.o
/usr/bin/cc    -o CMakeFiles/cmTC_9842e.dir/CheckSymbolExists.c.o   -c /home/naiqi/repos/AL_USDMaya/2018build/CMakeFiles/CMakeTmp/CheckSymbolExists.c
Linking C executable cmTC_9842e
/usr/bin/cmake3 -E cmake_link_script CMakeFiles/cmTC_9842e.dir/link.txt --verbose=1
/usr/bin/cc      -rdynamic CMakeFiles/cmTC_9842e.dir/CheckSymbolExists.c.o  -o cmTC_9842e 
CMakeFiles/cmTC_9842e.dir/CheckSymbolExists.c.o: In function `main':
CheckSymbolExists.c:(.text+0x16): undefined reference to `pthread_create'
collect2: error: ld returned 1 exit status
gmake[1]: *** [cmTC_9842e] Error 1
gmake[1]: Leaving directory `/home/naiqi/repos/AL_USDMaya/2018build/CMakeFiles/CMakeTmp'
gmake: *** [cmTC_9842e/fast] Error 2

File /home/naiqi/repos/AL_USDMaya/2018build/CMakeFiles/CMakeTmp/CheckSymbolExists.c:
/* */
#include <pthread.h>

int main(int argc, char** argv)
{
  (void)argv;
#ifndef pthread_create
  return ((int*)(&pthread_create))[argc];
#else
  (void)argc;
  return 0;
#endif
}

Determining if the function pthread_create exists in the pthreads failed with the following output:
Change Dir: /home/naiqi/repos/AL_USDMaya/2018build/CMakeFiles/CMakeTmp

Run Build Command:"/usr/bin/gmake" "cmTC_47776/fast"
/usr/bin/gmake -f CMakeFiles/cmTC_47776.dir/build.make CMakeFiles/cmTC_47776.dir/build
gmake[1]: Entering directory `/home/naiqi/repos/AL_USDMaya/2018build/CMakeFiles/CMakeTmp'
Building C object CMakeFiles/cmTC_47776.dir/CheckFunctionExists.c.o
/usr/bin/cc   -DCHECK_FUNCTION_EXISTS=pthread_create   -o CMakeFiles/cmTC_47776.dir/CheckFunctionExists.c.o   -c /usr/share/cmake3/Modules/CheckFunctionExists.c
Linking C executable cmTC_47776
/usr/bin/cmake3 -E cmake_link_script CMakeFiles/cmTC_47776.dir/link.txt --verbose=1
/usr/bin/cc  -DCHECK_FUNCTION_EXISTS=pthread_create    -rdynamic CMakeFiles/cmTC_47776.dir/CheckFunctionExists.c.o  -o cmTC_47776 -lpthreads 
/usr/bin/ld: cannot find -lpthreads
collect2: error: ld returned 1 exit status
gmake[1]: *** [cmTC_47776] Error 1
gmake[1]: Leaving directory `/home/naiqi/repos/AL_USDMaya/2018build/CMakeFiles/CMakeTmp'
gmake: *** [cmTC_47776/fast] Error 2


